positions: instr line
events: cpu(ms)

ob=
fl=(1) C:\Go_1.11\src\runtime\os_windows.go
fn=(1) runtime.stdcall1
0x42c8c7 767 2110

ob=
fl=(2) C:\Go_1.11\src\runtime\cgocall.go
fn=(2) runtime.cgocall
-166882 130 1070

ob=
fl=(1)
fn=(3) runtime.stdcall2
+166978 775 130

ob=
fl=(3) C:\Go_1.11\src\runtime\lock_sema.go
fn=(4) runtime.lock
-139204 43 110

ob=
fl=(4) C:\Go_1.11\src\runtime\proc.go
fn=(5) runtime.gopark
+154930 303 100

ob=
fl=(4)
fn=(6) runtime.goready
+203 311 80

ob=
fl=(5) C:\Go_1.11\src\internal\bytealg\indexbyte_amd64.s
fn=(7) internal/bytealg.IndexByteString
-187984 16 70

ob=
fl=(6) C:\Go_1.11\src\runtime\panic.go
fn=(8) runtime.deferproc
+175314 108 60

ob=
fl=(4)
fn=(9) runtime.pidleget
+29112 4760 60

ob=
fl=(7) C:\Go_1.11\src\runtime\symtab.go
fn=(10) runtime.findfunc
+87369 671 60

ob=
fl=(8) C:\Go_1.11\src\runtime\time.go
fn=(11) runtime.timerproc
+9177 237 60

ob=
fl=(4)
fn=(12) runtime.casgstatus
-105695 858 50

ob=
fl=(4)
fn=(13) runtime.runqput
+40014 4806 50

ob=
fl=(7)
fn=(14) runtime.findmoduledatap
+56355 639 50

ob=
fl=(8)
fn=(15) runtime.goroutineReady
+7746 127 50

ob=
fl=(8)
fn=(11)
+1584 237 50
+534 277 50

ob=
fl=(9) C:\Go_1.11\src\internal\bytealg\equal_amd64.s
fn=(16) runtime.memequal
-302774 47 40

ob=
fl=(1)
fn=(17) runtime.semawakeup
+171482 596 40

ob=
fl=(4)
fn=(18) runtime.ready
+21878 645 40

ob=
fl=(4)
fn=(12)
+2960 833 40

ob=
fl=(4)
fn=(19) runtime.schedule
+16199 2623 40

ob=
fl=(4)
fn=(20) runtime.save
+2937 2802 40

ob=
fl=(4)
fn=(21) runtime.newproc
+3728 3304 40

ob=
fl=(10) C:\Go_1.11\src\runtime\traceback.go
fn=(22) runtime.isSystemGoroutine
+116707 1017 40

ob=
fl=(4)
fn=(23) runtime.goready.func1
+20573 312 40

ob=
fl=(11) C:\Go_1.11\src\runtime\asm_amd64.s
fn=(24) runtime.systemstack
+4025 351 40

ob=
fl=(12) C:\Go_1.11\src\syscall\zsyscall_windows.go
fn=(25) syscall.WriteFile
+127511 328 40

ob=
fl=(13) C:\Users\zhengbr2\go\src\brianGo\pprof\sample2.go
fn=(26) main.hello
0x6ef839 21 40

ob=
fl=(14) C:\Go_1.11\src\runtime\cpuprof.go
fn=(27) runtime/pprof.readProfile
0x406770 201 30

ob=
fl=(3)
fn=(28) runtime.unlock
+17346 100 30
+46 118 30

ob=
fl=(3)
fn=(29) runtime.notewakeup
+169 132 30

ob=
fl=(6)
fn=(30) runtime.newdefer
+142866 233 30

ob=
fl=(4)
fn=(18)
+15751 646 30

ob=
fl=(4)
fn=(12)
+2914 833 30

ob=
fl=(4)
fn=(31) runtime.wakep
+10348 2142 30
+54 2144 30

ob=
fl=(4)
fn=(32) runtime.(*randomOrder).start
+2115 5109 30

ob=
fl=(4)
fn=(33) runtime.park_m
+4375 2653 30
+71 2656 30

ob=
fl=(4)
fn=(34) runtime.gfget
+9129 3522 30

ob=
fl=(4)
fn=(35) runtime.acquirep
+5984 4152 30

ob=
fl=(4)
fn=(36) runtime.acquirep1
+225 4176 30

ob=
fl=(4)
fn=(13)
+8068 4823 30

ob=
fl=(4)
fn=(37) runtime.runqget
+619 4874 30

ob=
fl=(15) C:\Go_1.11\src\runtime\profbuf.go
fn=(38) runtime.(*profBuf).read
+5262 512 30

ob=
fl=(7)
fn=(10)
+50370 659 30

ob=
fl=(8)
fn=(39) time.Sleep
+7316 106 30

ob=
fl=(8)
fn=(11)
+1913 274 30

ob=
fl=(8)
fn=(40) runtime.siftupTimer
+1507 374 30

ob=
fl=(11)
fn=(41) runtime.mcall
+56668 299 30

ob=
fl=(12)
fn=(25)
+127572 323 30

ob=
fl=(16) C:\Go_1.11\src\os\file_windows.go
fn=(42) os.(*File).write
+181532 224 30
+2 224 30

ob=
fl=(17) C:\Go_1.11\src\fmt\format.go
fn=(43) fmt.(*fmt).truncate
+160914 312 30

ob=
fl=(18) C:\Go_1.11\src\fmt\print.go
fn=(44) fmt.Println
+9435 264 30

ob=
fl=(19) C:\Go_1.11\src\runtime\pprof\proto.go
fn=(45) runtime/pprof.(*profileBuilder).addCPUData
0x6e902f 319 30

ob=
fl=(9)
fn=(46) memeqbody
0x402576 153 20

ob=
fl=(5)
fn=(47) indexbytebody
+1228 149 20

ob=
fl=(3)
fn=(48) runtime.notetsleep_internal
+33697 188 20

ob=
fl=(20) C:\Go_1.11\src\runtime\map_fast64.go
fn=(49) runtime.mapaccess1_fast64
+24649 28 20
+3 28 20

ob=
fl=(1)
fn=(17)
+111575 596 20
+15 596 20

ob=
fl=(1)
fn=(50) runtime.semacreate
+70 606 20

ob=
fl=(1)
fn=(51) runtime.osyield
+2283 829 20

ob=
fl=(6)
fn=(52) runtime.deferreturn
+4932 353 20
+137 357 20

ob=
fl=(4)
fn=(18)
+14455 645 20
+41 653 20

ob=
fl=(4)
fn=(12)
+2902 833 20

ob=
fl=(4)
fn=(53) runtime.startm
+9041 2042 20

ob=
fl=(4)
fn=(19)
+6886 2557 20

ob=
fl=(4)
fn=(54) runtime.parkunlock_c
+896 2647 20

ob=
fl=(4)
fn=(55) runtime.entersyscallblock
+3392 2947 20

ob=
fl=(4)
fn=(35)
+11952 4160 20

ob=
fl=(4)
fn=(56) runtime.checkdead
+1752 4244 20

ob=
fl=(4)
fn=(57) runtime.runqempty
+6168 4773 20

ob=
fl=(21) C:\Go_1.11\src\runtime\runtime2.go
fn=(58) runtime.(*guintptr).cas
+156 209 20

ob=
fl=(4)
fn=(59) runtime.procPin
+2020 5016 20

ob=
fl=(8)
fn=(11)
+63591 275 20
+661 288 20

ob=
fl=(11)
fn=(60) runtime.jmpdefer
+63695 575 20

ob=
fl=(22) C:\Go_1.11\src\runtime\memmove_amd64.s
fn=(61) runtime.memmove
+6715 172 20
+11 175 20

ob=
fl=(23) C:\Go_1.11\src\runtime\sys_windows_amd64.s
fn=(62) runtime.asmstdcall
+1517 60 20
+8 64 20

ob=
fl=(24) C:\Go_1.11\src\sync\mutex.go
fn=(63) sync.(*Mutex).Lock
+80338 74 20

ob=
fl=(25) C:\Go_1.11\src\sync\pool.go
fn=(64) sync.(*Pool).Get
+1592 124 20
+59 128 20

ob=
fl=(25)
fn=(65) sync.(*Pool).pin
+683 187 20

ob=
fl=(26) C:\Go_1.11\src\syscall\dll_windows.go
fn=(66) syscall.(*LazyProc).Find
+17571 256 20

ob=
fl=(26)
fn=(67) syscall.(*LazyProc).Addr
+470 288 20

ob=
fl=(27) C:\Go_1.11\src\internal\poll\fd_mutex.go
fn=(68) internal/poll.(*fdMutex).rwlock
+144286 150 20

ob=
fl=(28) C:\Go_1.11\src\os\file.go
fn=(69) os.(*File).Write
+38387 141 20

ob=
fl=(18)
fn=(70) fmt.Fprintln
+181432 255 20

ob=
fl=(13)
fn=(71) main.hello.func1
0x6ef954 23 20

ob=
fl=(9)
fn=(46)
0x40254b 137 10
+33 151 10
+16 155 10

ob=
fl=(5)
fn=(7)
+921 17 10

ob=
fl=(5)
fn=(47)
+91 54 10

ob=
fl=(3)
fn=(4)
+32665 35 10
+40 36 10
+379 44 10

ob=
fl=(3)
fn=(28)
+68 94 10
+10 94 10

ob=
fl=(3)
fn=(72) runtime.notesleep
+367 151 10
+106 157 10

ob=
fl=(3)
fn=(48)
+255 188 10
+297 229 10

ob=
fl=(3)
fn=(73) runtime.notetsleepg
+572 281 10
+27 281 10

ob=
fl=(29) C:\Go_1.11\src\runtime\malloc.go
fn=(74) runtime.mallocgc
+5117 893 10

ob=
fl=(20)
fn=(49)
+18433 12 10
+58 17 10
+31 43 10
+23 44 10
+104 28 10

ob=
fl=(20)
fn=(75) runtime.evacuate_fast64
+3454 370 10
+612 406 10

ob=
fl=(30) C:\Go_1.11\src\runtime\mheap.go
fn=(76) runtime.(*gcBitsArena).tryAlloc
+81793 1551 10

ob=
fl=(1)
fn=(17)
+25740 596 10

ob=
fl=(1)
fn=(50)
+55 606 10
+94 607 10

ob=
fl=(1)
fn=(77) runtime.stdcall
+1225 738 10
+65 735 10

ob=
fl=(6)
fn=(8)
+3683 132 10

ob=
fl=(6)
fn=(30)
+937 215 10
+178 246 10

ob=
fl=(6)
fn=(78) runtime.deferclass
+263 150 10
+4 150 10
+498 150 10

ob=
fl=(6)
fn=(52)
+429 353 10

ob=
fl=(4)
fn=(5)
+9842 285 10
+256 303 10

ob=
fl=(4)
fn=(6)
+230 311 10
+9 311 10

ob=
fl=(4)
fn=(18)
+4174 655 10
+106 666 10
+5 666 10

ob=
fl=(4)
fn=(12)
+2834 841 10
+9 841 10
+285 883 10
+89 834 10

ob=
fl=(4)
fn=(53)
+8563 2042 10

ob=
fl=(4)
fn=(79) runtime.mget
+99 4659 10
+7 4660 10

ob=
fl=(4)
fn=(53)
+61 2072 10

ob=
fl=(4)
fn=(9)
+163 4758 10

ob=
fl=(4)
fn=(80) runtime.handoffp
+303 2093 10

ob=
fl=(4)
fn=(31)
+774 2148 10

ob=
fl=(4)
fn=(81) runtime.execute
+1297 2234 10
+116 2240 10

ob=
fl=(4)
fn=(82) runtime.findrunnable
+299 2267 10

ob=
fl=(4)
fn=(83) runtime.(*randomEnum).next
+52 5119 10

ob=
fl=(4)
fn=(82)
+27 2275 10
+29 2346 10
+6 2350 10
+45 2350 10
+838 2383 10
+690 2275 10
+48 2280 10
+48 2288 10
+77 2314 10
+9 2327 10

ob=
fl=(4)
fn=(84) runtime.resetspinning
+1349 2513 10

ob=
fl=(4)
fn=(19)
+601 2557 10
+41 2560 10
+88 2580 10
+23 2586 10
+42 2606 10
+12 2619 10
+189 2600 10

ob=
fl=(4)
fn=(33)
+548 2653 10
+247 2666 10

ob=
fl=(4)
fn=(85) runtime.goexit1
+1120 2723 10
+46 2727 10

ob=
fl=(4)
fn=(86) runtime.reentersyscall
+951 2866 10
+16 2869 10

ob=
fl=(4)
fn=(55)
+974 2950 10
+66 2960 10
+134 2972 10
+189 2963 10

ob=
fl=(21)
fn=(87) runtime.puintptr.ptr
+234 223 10

ob=
fl=(4)
fn=(88) runtime.exitsyscall
+214 3016 10
+123 3032 10

ob=
fl=(4)
fn=(89) runtime.exitsyscallfast
+428 3093 10

ob=
fl=(4)
fn=(90) runtime.exitsyscallfast_reacquired
+106 3133 10

ob=
fl=(4)
fn=(9)
+223 4760 10
+59 4759 10

ob=
fl=(4)
fn=(91) runtime.newproc1
+966 3316 10

ob=
fl=(31) C:\Go_1.11\src\runtime\sys_x86.go
fn=(92) runtime.gostartcall
+350 23 10
+7 24 10

ob=
fl=(4)
fn=(91)
+133 3387 10

ob=
fl=(4)
fn=(93) runtime.gfput
+1776 3463 10

ob=
fl=(4)
fn=(34)
+461 3497 10

ob=
fl=(4)
fn=(94) runtime.unlockOSThread
+1136 3657 10

ob=
fl=(4)
fn=(95) runtime.dounlockOSThread
+93 3626 10

ob=
fl=(4)
fn=(36)
+5311 4173 10

ob=
fl=(4)
fn=(96) runtime.releasep
+349 4190 10
+116 4197 10
+27 4204 10

ob=
fl=(4)
fn=(56)
+1163 4250 10

ob=
fl=(4)
fn=(97) runtime.pidleput
+6013 4744 10
+108 4751 10

ob=
fl=(4)
fn=(57)
+63 4775 10
+13 4777 10

ob=
fl=(4)
fn=(13)
+40 4799 10
+16 4799 10

ob=
fl=(21)
fn=(58)
+851 209 10

ob=
fl=(4)
fn=(98) runtime.runqgrab
+206 4906 10

ob=
fl=(4)
fn=(59)
+1059 5019 10

ob=
fl=(32) C:\Go_1.11\src\runtime\string.go
fn=(99) runtime.findnull
+46083 447 10
+11 448 10

ob=
fl=(7)
fn=(14)
+8179 638 10

ob=
fl=(7)
fn=(10)
+68 659 10
+158 680 10

ob=
fl=(7)
fn=(100) runtime.funcname
+1657 802 10

ob=
fl=(7)
fn=(101) runtime.cfuncname
+94 799 10

ob=
fl=(4)
fn=(102) runtime.dolockOSThread
+3720 3574 10

ob=
fl=(8)
fn=(39)
+1331 84 10

ob=
fl=(8)
fn=(103) runtime.(*timer).assignBucket
+230 57 10

ob=
fl=(8)
fn=(39)
+31 100 10

ob=
fl=(8)
fn=(15)
+558 129 10

ob=
fl=(8)
fn=(104) runtime.(*timersBucket).addtimerLocked
+367 152 10
+58 154 10
+59 157 10

ob=
fl=(8)
fn=(11)
+971 275 10
+33 232 10
+23 237 10
+51 252 10
+416 227 10
+8 227 10
+4 227 10

ob=
fl=(8)
fn=(40)
+839 366 10
+164 381 10

ob=
fl=(10)
fn=(22)
+32176 1025 10

ob=
fl=(11)
fn=(105) runtime.gogo
+24282 256 10

ob=
fl=(11)
fn=(41)
+94 279 10

ob=
fl=(11)
fn=(24)
+112 316 10
+20 320 10
+6 323 10
+51 343 10
+25 354 10
+27 358 10

ob=
fl=(11)
fn=(106) runtime.aeshash64
+7914 1225 10

ob=
fl=(33) C:\Go_1.11\src\runtime\memclr_amd64.s
fn=(107) runtime.memclrNoHeapPointers
+4343 146 10

ob=
fl=(23)
fn=(62)
+1913 16 10
+115 68 10
+3 69 10

ob=
fl=(23)
fn=(108) runtime.nanotime
+1041 478 10
+28 488 10

ob=
fl=(24)
fn=(109) sync.(*Mutex).Unlock
+80005 195 10

ob=
fl=(25)
fn=(64)
+856 124 10
+52 129 10
+56 150 10

ob=
fl=(25)
fn=(65)
+600 181 10

ob=
fl=(26)
fn=(110) syscall.(*LazyProc).mustFind
+17906 277 10

ob=
fl=(26)
fn=(67)
+90 286 10

ob=
fl=(34) C:\Go_1.11\src\syscall\syscall_windows.go
fn=(111) syscall.Write
+4848 315 10
+165 330 10

ob=
fl=(27)
fn=(68)
+139179 117 10

ob=
fl=(35) C:\Go_1.11\src\internal\poll\fd_windows.go
fn=(112) internal/poll.(*FD).Write
+15595 645 10
+31 646 10
+192 650 10
+5 650 10

ob=
fl=(28)
fn=(69)
+22833 145 10

ob=
fl=(16)
fn=(42)
+11120 223 10
+115 226 10

ob=
fl=(17)
fn=(113) fmt.(*fmt).padString
+157517 108 10

ob=
fl=(17)
fn=(43)
+3544 322 10

ob=
fl=(18)
fn=(114) fmt.newPrinter
+6456 132 10

ob=
fl=(18)
fn=(115) fmt.(*pp).free
+237 142 10

ob=
fl=(18)
fn=(70)
+2227 252 10

ob=
fl=(18)
fn=(44)
+256 263 10

ob=
fl=(18)
fn=(116) fmt.(*pp).printArg
+12786 637 10
+1278 637 10
+394 637 10
+47 637 10

ob=
fl=(18)
fn=(117) fmt.(*pp).doPrintln
+18688 1141 10

ob=
fl=(36) C:\Go_1.11\src\runtime\pprof\map.go
fn=(118) runtime/pprof.(*profMap).lookup
0x6e0bf6 41 10
+3 41 10
+44 42 10
+703 85 10

ob=
fl=(37) C:\Go_1.11\src\runtime\pprof\pprof.go
fn=(119) runtime/pprof.profileWriter
+19794 779 10

ob=
fl=(19)
fn=(45)
+13585 358 10

ob=
fl=(13)
fn=(26)
+26324 21 10

ob=
fl=(13)
fn=(71)
+244 21 10
+37 22 10

ob=
fl=(2)
fn=(2)
0x403ce4 128 0
cfl=(4)
cfn=(120) runtime.entersyscall
calls=0 0x437075 2915
* * 20
+68 137 0
cfl=(4)
cfn=(88)
calls=0 +210871 3015
* * 20
cfl=(4)
cfn=(88)
calls=0 +211185 3027
* * 10

ob=
fl=(14)
fn=(27)
+10893 202 0
cfl=(3)
cfn=(4)
calls=0 +27707 43
* * 10
+51 205 0
cfl=(15)
cfn=(38)
calls=0 +225273 512
* * 30

ob=
fl=(3)
fn=(4)
+16981 85 0
cfl=(1)
cfn=(121) runtime.semasleep
calls=0 +153869 565
* * 130

ob=
fl=(3)
fn=(29)
+498 147 0
cfl=(1)
cfn=(17)
calls=0 +137169 596
* * 2130
cfl=(1)
cfn=(17)
calls=0 +137149 596
* * 40
cfl=(1)
cfn=(17)
calls=0 +137161 596
* * 20
cfl=(1)
cfn=(17)
calls=0 +137176 596
* * 20
cfl=(1)
cfn=(17)
calls=0 +137178 596
* * 10

ob=
fl=(3)
fn=(72)
+134 156 0
cfl=(1)
cfn=(50)
calls=0 +136748 606
* * 10

ob=
fl=(3)
fn=(48)
+577 229 0
cfl=(23)
cfn=(108)
calls=0 +340882 478
* * 10

ob=
fl=(3)
fn=(73)
+566 279 0
cfl=(1)
cfn=(50)
calls=0 +136024 606
* * 10
cfl=(1)
cfn=(50)
calls=0 +136037 606
* * 10
cfl=(1)
cfn=(50)
calls=0 +136118 607
* * 10
+5 280 0
cfl=(4)
cfn=(55)
calls=0 +180699 2972
* * 60
cfl=(4)
cfn=(55)
calls=0 +180560 2960
* * 40
cfl=(4)
cfn=(55)
calls=0 +180436 2947
* * 20
cfl=(4)
cfn=(55)
calls=0 +180471 2950
* * 10
cfl=(4)
cfn=(55)
calls=0 +180537 2960
* * 10
cfl=(4)
cfn=(55)
calls=0 +180671 2972
* * 10
cfl=(4)
cfn=(55)
calls=0 +180860 2963
* * 10
+32 281 0
cfl=(3)
cfn=(48)
calls=0 -846 188
* * 20
cfl=(3)
cfn=(48)
calls=0 -863 188
* * 10
cfl=(3)
cfn=(48)
calls=0 -571 229
* * 10
cfl=(3)
cfn=(48)
calls=0 -566 229
* * 10
+14 282 0
cfl=(4)
cfn=(88)
calls=0 +181380 3027
* * 50
cfl=(4)
cfn=(88)
calls=0 +181057 3014
* * 10
cfl=(4)
cfn=(88)
calls=0 +181271 3016
* * 10
cfl=(4)
cfn=(88)
calls=0 +181394 3032
* * 10

ob=
fl=(29)
fn=(122) runtime.newarray
+6705 1048 0
cfl=(29)
cfn=(74)
calls=0 +5104 893
* * 10

ob=
fl=(38) C:\Go_1.11\src\runtime\map.go
fn=(123) runtime.makeBucketArray
+3914 355 0
cfl=(29)
cfn=(122)
calls=0 * 1048
* * 10

ob=
fl=(38)
fn=(124) runtime.hashGrow
+6309 963 0
cfl=(38)
cfn=(123)
calls=0 * 355
* * 10

ob=
fl=(20)
fn=(49)
+6853 28 0
cfl=(11)
cfn=(106)
calls=0 +315345 1225
* * 10

ob=
fl=(20)
fn=(125) runtime.mapassign_fast64
+1017 152 0
cfl=(38)
cfn=(124)
calls=0 -6853 963
* * 10
+251 115 0
cfl=(20)
cfn=(126) runtime.growWork_fast64
calls=0 +1978 317
* * 10
cfl=(20)
cfn=(126)
calls=0 +2028 321
* * 10

ob=
fl=(20)
fn=(126)
+1727 317 0
cfl=(20)
cfn=(75)
calls=0 +2770 406
* * 10
+50 321 0
cfl=(20)
cfn=(75)
calls=0 +431 370
* * 10

ob=
fl=(39) C:\Go_1.11\src\runtime\mbitmap.go
fn=(127) runtime.heapBits.initSpan
+12945 765 0
cfl=(30)
cfn=(128) runtime.newMarkBits
calls=0 +82786 1572
* * 10

ob=
fl=(40) C:\Go_1.11\src\runtime\mcache.go
fn=(129) runtime.(*mcache).refill
+7064 122 0
cfl=(41) C:\Go_1.11\src\runtime\mcentral.go
cfn=(130) runtime.(*mcentral).cacheSpan
calls=0 +8180 106
* * 10

ob=
fl=(41)
fn=(130)
+1116 106 0
cfl=(41)
cfn=(131) runtime.(*mcentral).grow
calls=0 +2516 240
* * 10

ob=
fl=(41)
fn=(131)
+1400 240 0
cfl=(39)
cfn=(127)
calls=0 -8180 765
* * 10

ob=
fl=(30)
fn=(128)
+60261 1572 0
cfl=(30)
cfn=(76)
calls=0 +60261 1551
* * 10

ob=
fl=(1)
fn=(121)
+25450 565 0
cfl=(1)
cfn=(3)
calls=0 +27548 775
* * 130
cfl=(23)
cfn=(62)
calls=0 +229010 58
* * 10

ob=
fl=(1)
fn=(17)
+281 596 0
cfl=(1)
cfn=(1)
calls=0 +2002 767
* * 2110
cfl=(1)
cfn=(1)
calls=0 +2001 767
* * 20

ob=
fl=(1)
fn=(1)
+1720 767 0
cfl=(1)
cfn=(77)
calls=0 +1383 738
* * 10
cfl=(1)
cfn=(77)
calls=0 +1448 735
* * 10

ob=
fl=(6)
fn=(8)
+3345 107 0
cfl=(6)
cfn=(30)
calls=0 +4437 233
* * 30
cfl=(6)
cfn=(30)
calls=0 +4348 215
* * 10
cfl=(6)
cfn=(30)
calls=0 +4526 246
* * 10
cfl=(6)
cfn=(30)
calls=0 +4789 214
* * 10
cfl=(6)
cfn=(30)
calls=0 +4793 214
* * 10

ob=
fl=(6)
fn=(30)
+1444 214 0
cfl=(6)
cfn=(78)
calls=0 +1444 150
* * 10
+4 214 0
cfl=(6)
cfn=(78)
calls=0 +4 150
* * 10

ob=
fl=(6)
fn=(132) runtime.freedefer
+498 265 0
cfl=(6)
cfn=(78)
calls=0 +498 150
* * 10

ob=
fl=(6)
fn=(52)
+340 364 0
cfl=(6)
cfn=(132)
calls=0 * 265
* * 10

ob=
fl=(4)
fn=(133) runtime.goparkunlock
+10372 308 0
cfl=(4)
cfn=(5)
calls=0 +10192 303
* * 100
cfl=(4)
cfn=(5)
calls=0 +9931 285
* * 10
cfl=(4)
cfn=(5)
calls=0 +10187 303
* * 10

ob=
fl=(4)
fn=(18)
+4269 661 0
cfl=(4)
cfn=(12)
calls=0 +7316 858
* * 30
+44 662 0
cfl=(4)
cfn=(13)
calls=0 +43061 4806
* * 50
cfl=(4)
cfn=(13)
calls=0 +43199 4823
* * 30
cfl=(4)
cfn=(13)
calls=0 +42986 4799
* * 10
cfl=(4)
cfn=(13)
calls=0 +43002 4799
* * 10
cfl=(4)
cfn=(13)
calls=0 +43078 4807
* * 10
+84 664 0
cfl=(4)
cfn=(31)
calls=0 +13212 2147
* * 1090
cfl=(4)
cfn=(31)
calls=0 +13134 2142
* * 30
cfl=(4)
cfn=(31)
calls=0 +13188 2144
* * 20

ob=
fl=(4)
fn=(134) runtime.mstart
+6426 1229 0
cfl=(11)
cfn=(24)
calls=0 +166868 351
* * 3110

ob=
fl=(4)
fn=(135) runtime.stopm
+5011 2013 0
cfl=(3)
cfn=(4)
calls=0 -166023 35
* * 10
+18 2014 0
cfl=(4)
cfn=(136) runtime.mput
calls=0 +30860 4649
* * 30
+16 2015 0
cfl=(3)
cfn=(28)
calls=0 -170499 100
* * 10
+27 2016 0
cfl=(3)
cfn=(72)
calls=0 -170204 151
* * 10
cfl=(3)
cfn=(72)
calls=0 -170128 156
* * 10
cfl=(3)
cfn=(72)
calls=0 -170098 157
* * 10
+62 2027 0
cfl=(4)
cfn=(35)
calls=0 +23329 4154
* * 10

ob=
fl=(4)
fn=(53)
+217 2043 0
cfl=(3)
cfn=(4)
calls=0 -170849 85
* * 10
+44 2058 0
cfl=(4)
cfn=(79)
calls=0 +44 4659
* * 10
+7 2058 0
cfl=(4)
cfn=(79)
calls=0 +7 4660
* * 10
+117 2081 0
cfl=(3)
cfn=(29)
calls=0 -170619 147
* * 1690
cfl=(3)
cfn=(29)
calls=0 -170657 132
* * 20
+24 2075 0
cfl=(4)
cfn=(57)
calls=0 +30849 4773
* * 10
+83 2045 0
cfl=(4)
cfn=(9)
calls=0 +83 4758
* * 10
+16 2045 0
cfl=(4)
cfn=(9)
calls=0 +16 4760
* * 60

ob=
fl=(4)
fn=(80)
+305 2093 0
cfl=(4)
cfn=(53)
calls=0 -123 2081
* * 570
cfl=(4)
cfn=(53)
calls=0 -247 2058
* * 10
cfl=(4)
cfn=(53)
calls=0 -240 2058
* * 10
cfl=(4)
cfn=(53)
calls=0 -179 2072
* * 10
+202 2107 0
cfl=(3)
cfn=(4)
calls=0 -171880 43
* * 10
cfl=(3)
cfn=(4)
calls=0 -171662 85
* * 10

ob=
fl=(4)
fn=(31)
+553 2147 0
cfl=(4)
cfn=(53)
calls=0 -630 2081
* * 1140
cfl=(4)
cfn=(53)
calls=0 -507 2045
* * 60
cfl=(4)
cfn=(53)
calls=0 -827 2042
* * 20
cfl=(4)
cfn=(53)
calls=0 -853 2042
* * 10
cfl=(4)
cfn=(53)
calls=0 -798 2043
* * 10
cfl=(4)
cfn=(53)
calls=0 -606 2075
* * 10
cfl=(4)
cfn=(53)
calls=0 -523 2045
* * 10

ob=
fl=(4)
fn=(81)
+1387 2237 0
cfl=(4)
cfn=(12)
calls=0 -10352 841
* * 10

ob=
fl=(4)
fn=(82)
+378 2345 0
cfl=(4)
cfn=(83)
calls=0 +378 5119
* * 10
+111 2350 0
cfl=(4)
cfn=(137) runtime.runqsteal
calls=0 +29402 4960
* * 30
+215 2345 0
cfl=(4)
cfn=(32)
calls=0 +215 5109
* * 30
+120 2425 0
cfl=(4)
cfn=(57)
calls=0 +27575 4773
* * 10
cfl=(4)
cfn=(57)
calls=0 +27586 4775
* * 10
cfl=(4)
cfn=(57)
calls=0 +27599 4777
* * 10
+519 2386 0
cfl=(3)
cfn=(4)
calls=0 -174628 85
* * 20
+78 2399 0
cfl=(4)
cfn=(97)
calls=0 +26776 4744
* * 10
cfl=(4)
cfn=(97)
calls=0 +26884 4751
* * 10
+16 2400 0
cfl=(3)
cfn=(28)
calls=0 -174934 118
* * 20
+122 2487 0
cfl=(4)
cfn=(135)
calls=0 -4497 2014
* * 30
cfl=(4)
cfn=(135)
calls=0 -4454 2016
* * 30
cfl=(4)
cfn=(135)
calls=0 -4515 2013
* * 10
cfl=(4)
cfn=(135)
calls=0 -4481 2015
* * 10
cfl=(4)
cfn=(135)
calls=0 -4392 2027
* * 10
+567 2293 0
cfl=(4)
cfn=(37)
calls=0 +27616 4874
* * 10

ob=
fl=(4)
fn=(84)
+1498 2526 0
cfl=(4)
cfn=(31)
calls=0 -3513 2147
* * 170
cfl=(4)
cfn=(31)
calls=0 -3537 2144
* * 10
cfl=(4)
cfn=(31)
calls=0 -3512 2148
* * 10

ob=
fl=(4)
fn=(19)
+776 2630 0
cfl=(4)
cfn=(81)
calls=0 -3713 2234
* * 10
cfl=(4)
cfn=(81)
calls=0 -3624 2237
* * 10
cfl=(4)
cfn=(81)
calls=0 -3597 2240
* * 10
+24 2620 0
cfl=(4)
cfn=(84)
calls=0 -776 2526
* * 190
cfl=(4)
cfn=(84)
calls=0 -856 2513
* * 10
+22 2613 0
cfl=(4)
cfn=(82)
calls=0 -2865 2487
* * 90
cfl=(4)
cfn=(82)
calls=0 -3935 2350
* * 30
cfl=(4)
cfn=(82)
calls=0 -3720 2345
* * 30
cfl=(4)
cfn=(82)
calls=0 -3600 2425
* * 30
cfl=(4)
cfn=(82)
calls=0 -3081 2386
* * 20
cfl=(4)
cfn=(82)
calls=0 -3003 2399
* * 20
cfl=(4)
cfn=(82)
calls=0 -2987 2400
* * 20
cfl=(4)
cfn=(82)
calls=0 -4098 2267
* * 10
cfl=(4)
cfn=(82)
calls=0 -4046 2345
* * 10
cfl=(4)
cfn=(82)
calls=0 -4019 2275
* * 10
cfl=(4)
cfn=(82)
calls=0 -3990 2346
* * 10
cfl=(4)
cfn=(82)
calls=0 -3984 2350
* * 10
cfl=(4)
cfn=(82)
calls=0 -3939 2350
* * 10
cfl=(4)
cfn=(82)
calls=0 -3101 2383
* * 10
cfl=(4)
cfn=(82)
calls=0 -2411 2275
* * 10
cfl=(4)
cfn=(82)
calls=0 -2363 2280
* * 10
cfl=(4)
cfn=(82)
calls=0 -2315 2288
* * 10
cfl=(4)
cfn=(82)
calls=0 -2298 2293
* * 10
cfl=(4)
cfn=(82)
calls=0 -2238 2314
* * 10
cfl=(4)
cfn=(82)
calls=0 -2229 2327
* * 10
+36 2607 0
cfl=(4)
cfn=(37)
calls=0 +24729 4874
* * 20
cfl=(4)
cfn=(37)
calls=0 +24764 4881
* * 10

ob=
fl=(4)
fn=(54)
+566 2648 0
cfl=(3)
cfn=(28)
calls=0 -178097 94
* * 10
cfl=(3)
cfn=(28)
calls=0 -177995 118
* * 10

ob=
fl=(4)
fn=(33)
+136 2660 0
cfl=(4)
cfn=(12)
calls=0 -16644 858
* * 10
+89 2676 0
cfl=(4)
cfn=(19)
calls=0 -802 2623
* * 40
cfl=(4)
cfn=(19)
calls=0 -702 2607
* * 30
cfl=(4)
cfn=(19)
calls=0 -1065 2557
* * 20
cfl=(4)
cfn=(19)
calls=0 -784 2630
* * 20
cfl=(4)
cfn=(19)
calls=0 -1039 2557
* * 10
cfl=(4)
cfn=(19)
calls=0 -845 2606
* * 10
cfl=(4)
cfn=(19)
calls=0 -738 2613
* * 10
cfl=(4)
cfn=(19)
calls=0 -644 2600
* * 10
+52 2665 0
cfl=(4)
cfn=(54)
calls=0 -258 2647
* * 20
cfl=(4)
cfn=(54)
calls=0 -225 2648
* * 20

ob=
fl=(4)
fn=(138) runtime.goexit0
+1315 2737 0
cfl=(4)
cfn=(12)
calls=0 -17055 841
* * 10
+14 2738 0
cfl=(10)
cfn=(22)
calls=0 +121124 1025
* * 10
cfl=(10)
cfn=(22)
calls=0 +121137 1025
* * 10
cfl=(10)
cfn=(22)
calls=0 +121196 1025
* * 10
+399 2778 0
cfl=(4)
cfn=(93)
calls=0 +6796 3463
* * 10
+16 2790 0
cfl=(4)
cfn=(19)
calls=0 -2607 2613
* * 360
cfl=(4)
cfn=(19)
calls=0 -2629 2620
* * 200
cfl=(4)
cfn=(19)
calls=0 -2867 2560
* * 10
cfl=(4)
cfn=(19)
calls=0 -2779 2580
* * 10
cfl=(4)
cfn=(19)
calls=0 -2756 2586
* * 10
cfl=(4)
cfn=(19)
calls=0 -2702 2619
* * 10
cfl=(4)
cfn=(19)
calls=0 -2653 2630
* * 10

ob=
fl=(4)
fn=(120)
+943 2915 0
cfl=(4)
cfn=(86)
calls=0 +383 2866
* * 10
cfl=(4)
cfn=(86)
calls=0 +399 2869
* * 10

ob=
fl=(4)
fn=(55)
+519 2960 0
cfl=(4)
cfn=(20)
calls=0 -693 2802
* * 40
+139 2972 0
cfl=(4)
cfn=(12)
calls=0 -20344 833
* * 20
cfl=(4)
cfn=(12)
calls=0 -20339 833
* * 20
cfl=(4)
cfn=(12)
calls=0 -20127 858
* * 10
cfl=(4)
cfn=(12)
calls=0 -19976 883
* * 10

ob=
fl=(4)
fn=(139) runtime.entersyscallblock_handoff
+237 2993 0
cfl=(4)
cfn=(96)
calls=0 +12130 4190
* * 10
cfl=(4)
cfn=(96)
calls=0 +12246 4197
* * 10
cfl=(4)
cfn=(96)
calls=0 +12273 4204
* * 10
+5 2993 0
cfl=(4)
cfn=(80)
calls=0 -11049 2093
* * 600
cfl=(4)
cfn=(80)
calls=0 -10847 2107
* * 20
cfl=(4)
cfn=(80)
calls=0 -11067 2093
* * 10

ob=
fl=(4)
fn=(88)
+153 3014 0
cfl=(21)
cfn=(87)
calls=0 +153 223
* * 10
+9 3015 0
cfl=(4)
cfn=(89)
calls=0 +759 3092
* * 10
cfl=(4)
cfn=(89)
calls=0 +765 3093
* * 10
+314 3027 0
cfl=(4)
cfn=(12)
calls=0 -20891 833
* * 40
cfl=(4)
cfn=(12)
calls=0 -20887 833
* * 10
cfl=(4)
cfn=(12)
calls=0 -20430 834
* * 10

ob=
fl=(4)
fn=(89)
+436 3092 0
cfl=(4)
cfn=(90)
calls=0 +548 3133
* * 10

ob=
fl=(4)
fn=(140) runtime.exitsyscallfast_pidle
+318 3152 0
cfl=(3)
cfn=(4)
calls=0 -183628 85
* * 40
+17 3153 0
cfl=(4)
cfn=(9)
calls=0 +17 4760
* * 10
+59 3153 0
cfl=(4)
cfn=(9)
calls=0 +59 4759
* * 10
+18 3160 0
cfl=(4)
cfn=(35)
calls=0 +10045 4152
* * 30
cfl=(4)
cfn=(35)
calls=0 +10094 4154
* * 30
cfl=(4)
cfn=(35)
calls=0 +10141 4160
* * 20
+61 3156 0
cfl=(3)
cfn=(29)
calls=0 -183542 147
* * 310

ob=
fl=(4)
fn=(91)
+1022 3336 0
cfl=(4)
cfn=(34)
calls=0 +3982 3522
* * 30
cfl=(4)
cfn=(34)
calls=0 +3614 3497
* * 10
+110 3377 0
cfl=(33)
cfn=(107)
calls=0 +153319 146
* * 10

ob=
fl=(42) C:\Go_1.11\src\runtime\stack.go
fn=(141) runtime.gostartcallfn
+105 1039 0
cfl=(31)
cfn=(92)
calls=0 +105 23
* * 10

ob=
fl=(4)
fn=(91)
* 3382 0
cfl=(42)
cfn=(141)
calls=0 * 1039
* * 10

ob=
fl=(42)
fn=(141)
+7 1039 0
cfl=(31)
cfn=(92)
calls=0 +7 24
* * 10

ob=
fl=(4)
fn=(91)
* 3382 0
cfl=(42)
cfn=(141)
calls=0 * 1039
* * 10
+161 3389 0
cfl=(10)
cfn=(22)
calls=0 +116190 1013
* * 170
cfl=(10)
cfn=(22)
calls=0 +116236 1025
* * 140
cfl=(10)
cfn=(22)
calls=0 +116295 1025
* * 80
cfl=(10)
cfn=(22)
calls=0 +116213 1017
* * 40
+179 3411 0
cfl=(4)
cfn=(13)
calls=0 +16733 4807
* * 10

ob=
fl=(4)
fn=(94)
+3259 3663 0
cfl=(4)
cfn=(95)
calls=0 +3259 3626
* * 10

ob=
fl=(4)
fn=(142) runtime._System
+227 3693 0
cfl=(11)
cfn=(24)
calls=0 +137212 351
* * 40
cfl=(11)
cfn=(41)
calls=0 +137071 299
* * 30
cfl=(11)
cfn=(105)
calls=0 +136906 256
* * 10
cfl=(11)
cfn=(41)
calls=0 +137000 279
* * 10
cfl=(11)
cfn=(24)
calls=0 +137112 316
* * 10
cfl=(11)
cfn=(24)
calls=0 +137132 320
* * 10
cfl=(11)
cfn=(24)
calls=0 +137138 323
* * 10
cfl=(11)
cfn=(24)
calls=0 +137189 343
* * 10
cfl=(11)
cfn=(24)
calls=0 +137214 354
* * 10
cfl=(11)
cfn=(24)
calls=0 +137241 358
* * 10

ob=
fl=(4)
fn=(35)
+4945 4154 0
cfl=(4)
cfn=(36)
calls=0 +5121 4176
* * 30
cfl=(4)
cfn=(36)
calls=0 +5084 4173
* * 10

ob=
fl=(4)
fn=(136)
+7470 4649 0
cfl=(4)
cfn=(56)
calls=0 +1799 4244
* * 20
cfl=(4)
cfn=(56)
calls=0 +1794 4250
* * 10

ob=
fl=(4)
fn=(13)
+653 4807 0
cfl=(21)
cfn=(58)
calls=0 +653 209
* * 20

ob=
fl=(4)
fn=(37)
+775 4881 0
cfl=(21)
cfn=(58)
calls=0 +775 209
* * 10

ob=
fl=(4)
fn=(98)
+312 4930 0
cfl=(1)
cfn=(51)
calls=0 -63485 829
* * 20

ob=
fl=(4)
fn=(137)
+258 4960 0
cfl=(4)
cfn=(98)
calls=0 * 4930
* * 20
cfl=(4)
cfn=(98)
calls=0 -106 4906
* * 10

ob=
fl=(4)
fn=(143) sync.runtime_procPin
+675 5032 0
cfl=(4)
cfn=(59)
calls=0 +675 5016
* * 20
+20 5032 0
cfl=(4)
cfn=(59)
calls=0 +20 5019
* * 10

ob=
fl=(32)
fn=(99)
+46082 447 0
cfl=(5)
cfn=(7)
calls=0 -237348 16
* * 70
cfl=(5)
cfn=(47)
calls=0 -237042 149
* * 20
cfl=(5)
cfn=(7)
calls=0 -237343 17
* * 10
cfl=(5)
cfn=(47)
calls=0 -237252 54
* * 10

ob=
fl=(32)
fn=(144) runtime.gostringnocopy
+85 471 0
cfl=(32)
cfn=(99)
calls=0 * 447
* * 110
cfl=(32)
cfn=(99)
calls=0 +1 447
* * 10
cfl=(32)
cfn=(99)
calls=0 +12 448
* * 10

ob=
fl=(7)
fn=(10)
+8218 660 0
cfl=(7)
cfn=(14)
calls=0 +8131 639
* * 50
cfl=(7)
cfn=(14)
calls=0 +8106 638
* * 10

ob=
fl=(7)
fn=(100)
+1834 803 0
cfl=(32)
cfn=(144)
calls=0 -8218 471
* * 130
+31 803 0
cfl=(7)
cfn=(101)
calls=0 +31 799
* * 10

ob=
fl=(4)
fn=(145) runtime.lockOSThread
+3720 3614 0
cfl=(4)
cfn=(102)
calls=0 +3720 3574
* * 10

ob=
fl=(43) C:\Go_1.11\src\runtime\syscall_windows.go
fn=(146) syscall.Syscall6
* 179 0
cfl=(4)
cfn=(145)
calls=0 * 3614
* * 10
+82 180 0
cfl=(6)
cfn=(8)
calls=0 -122004 108
* * 30
cfl=(6)
cfn=(8)
calls=0 -122015 107
* * 20
+99 185 0
cfl=(2)
cfn=(2)
calls=0 -292323 130
* * 1070
cfl=(2)
cfn=(2)
calls=0 -292256 137
* * 30
cfl=(2)
cfn=(2)
calls=0 -292324 128
* * 20
+45 186 0
cfl=(4)
cfn=(94)
calls=0 -75579 3657
* * 10
cfl=(4)
cfn=(94)
calls=0 -75486 3663
* * 10

ob=
fl=(8)
fn=(39)
+1229 96 0
cfl=(23)
cfn=(108)
calls=0 +77067 488
* * 10
+106 99 0
cfl=(8)
cfn=(103)
calls=0 +106 57
* * 10
+48 100 0
cfl=(3)
cfn=(4)
calls=0 -266028 43
* * 10
cfl=(3)
cfn=(4)
calls=0 -265699 44
* * 10
+24 101 0
cfl=(8)
cfn=(104)
calls=0 +1167 161
* * 230
cfl=(8)
cfn=(104)
calls=0 +1005 154
* * 50
cfl=(8)
cfn=(104)
calls=0 +908 152
* * 10
cfl=(8)
cfn=(104)
calls=0 +966 154
* * 10
cfl=(8)
cfn=(104)
calls=0 +1025 157
* * 10
+44 105 0
cfl=(4)
cfn=(133)
calls=0 -110990 308
* * 80

ob=
fl=(8)
fn=(15)
+472 128 0
cfl=(4)
cfn=(6)
calls=0 -111011 311
* * 80
cfl=(4)
cfn=(6)
calls=0 -110989 311
* * 10
cfl=(4)
cfn=(6)
calls=0 -110980 311
* * 10

ob=
fl=(8)
fn=(104)
+465 154 0
cfl=(8)
cfn=(40)
calls=0 +2949 374
* * 30
cfl=(8)
cfn=(40)
calls=0 +2830 366
* * 10
cfl=(8)
cfn=(40)
calls=0 +2994 381
* * 10
+162 161 0
cfl=(3)
cfn=(29)
calls=0 -266365 147
* * 220
cfl=(3)
cfn=(29)
calls=0 -266403 132
* * 10

ob=
fl=(8)
fn=(11)
+816 274 0
cfl=(8)
cfn=(15)
calls=0 -627 128
* * 100
cfl=(8)
cfn=(15)
calls=0 -702 127
* * 50
cfl=(8)
cfn=(15)
calls=0 -626 129
* * 10
+17 275 0
cfl=(3)
cfn=(4)
calls=0 -268059 43
* * 40
cfl=(3)
cfn=(4)
calls=0 -268109 36
* * 10
+265 267 0
cfl=(3)
cfn=(28)
calls=0 -267679 94
* * 10
cfl=(3)
cfn=(28)
calls=0 -267613 100
* * 10
+253 280 0
cfl=(4)
cfn=(133)
calls=0 -113231 308
* * 40
+17 227 0
cfl=(3)
cfn=(4)
calls=0 -268376 85
* * 50
cfl=(3)
cfn=(4)
calls=0 -268594 43
* * 40
+93 287 0
cfl=(3)
cfn=(28)
calls=0 -268148 100
* * 10
+24 288 0
cfl=(3)
cfn=(73)
calls=0 -266706 280
* * 160
cfl=(3)
cfn=(73)
calls=0 -266660 282
* * 80
cfl=(3)
cfn=(73)
calls=0 -266674 281
* * 50
cfl=(3)
cfn=(73)
calls=0 -266711 279
* * 30
cfl=(3)
cfn=(73)
calls=0 -266700 281
* * 10
cfl=(3)
cfn=(73)
calls=0 -266673 281
* * 10

ob=
fl=(10)
fn=(22)
+33025 1013 0
cfl=(7)
cfn=(10)
calls=0 -9846 660
* * 60
cfl=(7)
cfn=(10)
calls=0 -9784 671
* * 60
cfl=(7)
cfn=(10)
calls=0 -9899 659
* * 30
cfl=(7)
cfn=(10)
calls=0 -9890 659
* * 10
cfl=(7)
cfn=(10)
calls=0 -9732 680
* * 10
+46 1025 0
cfl=(7)
cfn=(100)
calls=0 -41037 803
* * 130
cfl=(7)
cfn=(100)
calls=0 -41100 802
* * 10
cfl=(7)
cfn=(100)
calls=0 -41006 803
* * 10

ob=
fl=(32)
fn=(147) runtime.hasprefix
+59 348 0
cfl=(9)
cfn=(16)
calls=0 -335914 47
* * 40
cfl=(9)
cfn=(46)
calls=0 -335572 153
* * 20
cfl=(9)
cfn=(46)
calls=0 -335615 137
* * 10
cfl=(9)
cfn=(46)
calls=0 -335582 151
* * 10
cfl=(9)
cfn=(46)
calls=0 -335566 155
* * 10

ob=
fl=(10)
fn=(22)
* 1025 0
cfl=(32)
cfn=(147)
calls=0 * 348
* * 90

ob=
fl=(29)
fn=(148) runtime.(*mcache).nextFree.func1
+13075 749 0
cfl=(40)
cfn=(129)
calls=0 -252979 122
* * 10

ob=
fl=(4)
fn=(23)
+7478 313 0
cfl=(4)
cfn=(18)
calls=0 -155426 664
* * 1140
cfl=(4)
cfn=(18)
calls=0 -155510 662
* * 110
cfl=(4)
cfn=(18)
calls=0 -155688 645
* * 40
cfl=(4)
cfn=(18)
calls=0 -155638 646
* * 30
cfl=(4)
cfn=(18)
calls=0 -155554 661
* * 30
cfl=(4)
cfn=(18)
calls=0 -155662 645
* * 20
cfl=(4)
cfn=(18)
calls=0 -155621 653
* * 20
cfl=(4)
cfn=(18)
calls=0 -155595 655
* * 10
cfl=(4)
cfn=(18)
calls=0 -155489 666
* * 10
cfl=(4)
cfn=(18)
calls=0 -155484 666
* * 10

ob=
fl=(4)
fn=(149) runtime.exitsyscallfast.func1
+1529 3103 0
cfl=(4)
cfn=(140)
calls=0 -138092 3156
* * 310
cfl=(4)
cfn=(140)
calls=0 -138153 3160
* * 80
cfl=(4)
cfn=(140)
calls=0 -138247 3152
* * 40
cfl=(4)
cfn=(140)
calls=0 -138230 3153
* * 10
cfl=(4)
cfn=(140)
calls=0 -138171 3153
* * 10

ob=
fl=(4)
fn=(150) runtime.newproc.func1
+382 3309 0
cfl=(4)
cfn=(91)
calls=0 -138216 3389
* * 430
cfl=(4)
cfn=(91)
calls=0 -138599 3336
* * 40
cfl=(4)
cfn=(91)
calls=0 -138734 3316
* * 10
cfl=(4)
cfn=(91)
calls=0 -138489 3377
* * 10
cfl=(4)
cfn=(91)
calls=0 -138384 3382
* * 10
cfl=(4)
cfn=(91)
calls=0 -138377 3382
* * 10
cfl=(4)
cfn=(91)
calls=0 -138244 3387
* * 10
cfl=(4)
cfn=(91)
calls=0 -138037 3411
* * 10

ob=
fl=(11)
fn=(41)
+1912 299 0
cfl=(4)
cfn=(138)
calls=0 -143231 2790
* * 610
cfl=(4)
cfn=(33)
calls=0 -145027 2676
* * 150
cfl=(4)
cfn=(33)
calls=0 -144975 2665
* * 40
cfl=(4)
cfn=(33)
calls=0 -145221 2653
* * 30
cfl=(4)
cfn=(33)
calls=0 -145150 2656
* * 30
cfl=(4)
cfn=(138)
calls=0 -143646 2738
* * 30
cfl=(4)
cfn=(33)
calls=0 -145212 2653
* * 10
cfl=(4)
cfn=(33)
calls=0 -145116 2660
* * 10
cfl=(4)
cfn=(33)
calls=0 -144965 2666
* * 10
cfl=(4)
cfn=(138)
calls=0 -143660 2737
* * 10
cfl=(4)
cfn=(138)
calls=0 -143247 2778
* * 10

ob=
fl=(11)
fn=(24)
+141 351 0
cfl=(4)
cfn=(23)
calls=0 -3823 313
* * 1420
cfl=(4)
cfn=(139)
calls=0 -143300 2993
* * 630
cfl=(4)
cfn=(150)
calls=0 -1912 3309
* * 530
cfl=(4)
cfn=(149)
calls=0 -2294 3103
* * 450
cfl=(4)
cfn=(23)
calls=0 -3885 312
* * 40
cfl=(4)
cfn=(139)
calls=0 -143305 2993
* * 30
cfl=(29)
cfn=(148)
calls=0 -11301 749
* * 10

ob=
fl=(11)
fn=(151) runtime.asmcgocall
+6300 667 0
cfl=(23)
cfn=(62)
calls=0 +14300 64
* * 20
cfl=(23)
cfn=(62)
calls=0 +14198 16
* * 10
cfl=(23)
cfn=(62)
calls=0 +14313 68
* * 10
cfl=(23)
cfn=(62)
calls=0 +14316 69
* * 10

ob=
fl=(23)
fn=(62)
+7991 58 0
cfl=(23)
cfn=(62)
calls=0 +7992 60
* * 10

ob=
fl=(25)
fn=(152) sync.(*Pool).Put
+81574 100 0
cfl=(25)
cfn=(65)
calls=0 +82667 181
* * 10

ob=
fl=(25)
fn=(64)
+418 128 0
cfl=(25)
cfn=(65)
calls=0 +1093 181
* * 20
cfl=(25)
cfn=(65)
calls=0 +1107 187
* * 20
cfl=(25)
cfn=(65)
calls=0 +1089 181
* * 10

ob=
fl=(25)
fn=(65)
+675 181 0
cfl=(4)
cfn=(143)
calls=0 -218181 5032
* * 20
cfl=(4)
cfn=(143)
calls=0 -218161 5032
* * 10

ob=
fl=(26)
fn=(110)
+17929 278 0
cfl=(26)
cfn=(66)
calls=0 +17585 256
* * 20

ob=
fl=(26)
fn=(67)
+112 287 0
cfl=(26)
cfn=(110)
calls=0 * 278
* * 20
cfl=(26)
cfn=(110)
calls=0 -27 277
* * 10

ob=
fl=(34)
fn=(111)
+4893 320 0
cfl=(12)
cfn=(25)
calls=0 +12643 328
* * 1200
cfl=(12)
cfn=(25)
calls=0 +12519 328
* * 60
cfl=(12)
cfn=(25)
calls=0 +12511 328
* * 40
cfl=(12)
cfn=(25)
calls=0 +12431 323
* * 30

ob=
fl=(12)
fn=(25)
+7626 328 0
cfl=(26)
cfn=(67)
calls=0 -4893 287
* * 30
cfl=(26)
cfn=(67)
calls=0 -4879 288
* * 20
cfl=(26)
cfn=(67)
calls=0 -4942 286
* * 10
+124 328 0
cfl=(43)
cfn=(146)
calls=0 -189245 185
* * 1120
cfl=(43)
cfn=(146)
calls=0 -189344 180
* * 50
cfl=(43)
cfn=(146)
calls=0 -189200 186
* * 20
cfl=(43)
cfn=(146)
calls=0 -189426 179
* * 10

ob=
fl=(27)
fn=(153) internal/poll.(*FD).writeLock
+132824 239 0
cfl=(27)
cfn=(68)
calls=0 +131657 150
* * 20
cfl=(27)
cfn=(68)
calls=0 +131500 117
* * 10

ob=
fl=(35)
fn=(112)
+14186 637 0
cfl=(27)
cfn=(153)
calls=0 * 239
* * 30
+53 640 0
cfl=(6)
cfn=(8)
calls=0 -458575 107
* * 40
cfl=(6)
cfn=(8)
calls=0 -458564 108
* * 30
+52 645 0
cfl=(24)
cfn=(63)
calls=0 -180067 74
* * 20
+34 646 0
cfl=(6)
cfn=(8)
calls=0 -458680 107
* * 10
cfl=(6)
cfn=(8)
calls=0 -458614 132
* * 10
+110 665 0
cfl=(11)
cfn=(60)
calls=0 -268742 575
* * 20
cfl=(24)
cfn=(109)
calls=0 -179401 195
* * 10
+5 665 0
cfl=(6)
cfn=(52)
calls=0 -456597 353
* * 20
cfl=(6)
cfn=(52)
calls=0 -456460 357
* * 20
cfl=(6)
cfn=(52)
calls=0 -456538 364
* * 10
cfl=(6)
cfn=(52)
calls=0 -456449 353
* * 10
+53 650 0
cfl=(34)
cfn=(111)
calls=0 -155014 320
* * 1330
cfl=(34)
cfn=(111)
calls=0 -155108 315
* * 10
cfl=(34)
cfn=(111)
calls=0 -154943 330
* * 10

ob=
fl=(28)
fn=(69)
+22838 145 0
cfl=(16)
cfn=(42)
calls=0 +34043 224
* * 1620
cfl=(16)
cfn=(42)
calls=0 +34003 224
* * 30
cfl=(16)
cfn=(42)
calls=0 +34005 224
* * 30
cfl=(16)
cfn=(42)
calls=0 +33959 223
* * 10
cfl=(16)
cfn=(42)
calls=0 +34074 226
* * 10

ob=
fl=(16)
fn=(42)
+11205 224 0
cfl=(35)
cfn=(112)
calls=0 -22838 650
* * 1350
cfl=(35)
cfn=(112)
calls=0 -23092 640
* * 70
cfl=(35)
cfn=(112)
calls=0 -22891 665
* * 60
cfl=(35)
cfn=(112)
calls=0 -23145 637
* * 30
cfl=(35)
cfn=(112)
calls=0 -22896 665
* * 30
cfl=(35)
cfn=(112)
calls=0 -23040 645
* * 20
cfl=(35)
cfn=(112)
calls=0 -23006 646
* * 20
cfl=(35)
cfn=(112)
calls=0 -23060 645
* * 10
cfl=(35)
cfn=(112)
calls=0 -23029 646
* * 10
cfl=(35)
cfn=(112)
calls=0 -22837 650
* * 10
cfl=(35)
cfn=(112)
calls=0 -22832 650
* * 10

ob=
fl=(18)
fn=(154) fmt.(*buffer).WriteString
+157711 82 0
cfl=(22)
cfn=(61)
calls=0 -296238 172
* * 20
cfl=(22)
cfn=(61)
calls=0 -296227 175
* * 20

ob=
fl=(17)
fn=(113)
* 110 0
cfl=(18)
cfn=(154)
calls=0 * 82
* * 40

ob=
fl=(17)
fn=(155) fmt.(*fmt).fmtS
+3474 327 0
cfl=(17)
cfn=(43)
calls=0 +3165 312
* * 30
cfl=(17)
cfn=(43)
calls=0 +3381 322
* * 10
+34 328 0
cfl=(17)
cfn=(113)
calls=0 -3474 110
* * 40
cfl=(17)
cfn=(113)
calls=0 -3637 108
* * 10

ob=
fl=(18)
fn=(114)
+6384 133 0
cfl=(25)
cfn=(64)
calls=0 -373938 128
* * 50
cfl=(25)
cfn=(64)
calls=0 -373991 124
* * 20
cfl=(25)
cfn=(64)
calls=0 -373932 128
* * 20
cfl=(25)
cfn=(64)
calls=0 -373975 124
* * 10
cfl=(25)
cfn=(64)
calls=0 -373923 129
* * 10
cfl=(25)
cfn=(64)
calls=0 -373867 150
* * 10

ob=
fl=(18)
fn=(115)
+271 145 0
cfl=(25)
cfn=(152)
calls=0 -380740 100
* * 10

ob=
fl=(18)
fn=(70)
+2182 253 0
cfl=(18)
cfn=(114)
calls=0 -271 133
* * 120
cfl=(18)
cfn=(114)
calls=0 -326 132
* * 10
+50 254 0
cfl=(18)
cfn=(117)
calls=0 +33579 1146
* * 130
cfl=(18)
cfn=(117)
calls=0 +33405 1141
* * 10
+51 255 0
cfl=(28)
cfn=(69)
calls=0 -181311 145
* * 1700
cfl=(28)
cfn=(69)
calls=0 -181422 141
* * 20
cfl=(28)
cfn=(69)
calls=0 -181310 145
* * 10
+44 256 0
cfl=(18)
cfn=(115)
calls=0 -2372 142
* * 10
cfl=(18)
cfn=(115)
calls=0 -2283 145
* * 10

ob=
fl=(18)
fn=(44)
+160 264 0
cfl=(18)
cfn=(70)
calls=0 -44 255
* * 1730
cfl=(18)
cfn=(70)
calls=0 -95 254
* * 140
cfl=(18)
cfn=(70)
calls=0 -145 253
* * 130
cfl=(18)
cfn=(70)
calls=0 -85 255
* * 20
cfl=(18)
cfn=(70)
calls=0 * 256
* * 20
cfl=(18)
cfn=(70)
calls=0 -189 252
* * 10

ob=
fl=(18)
fn=(156) fmt.(*pp).fmtString
+5723 437 0
cfl=(17)
cfn=(155)
calls=0 -9142 328
* * 50
cfl=(17)
cfn=(155)
calls=0 -9176 327
* * 40

ob=
fl=(18)
fn=(116)
+8742 671 0
cfl=(18)
cfn=(156)
calls=0 * 437
* * 90

ob=
fl=(18)
fn=(117)
+18809 1146 0
cfl=(18)
cfn=(116)
calls=0 * 671
* * 90
cfl=(18)
cfn=(116)
calls=0 -1772 637
* * 10
cfl=(18)
cfn=(116)
calls=0 -494 637
* * 10
cfl=(18)
cfn=(116)
calls=0 -100 637
* * 10
cfl=(18)
cfn=(116)
calls=0 -53 637
* * 10

ob=
fl=(36)
fn=(118)
0x6e0bf0 41 0
cfl=(20)
cfn=(49)
calls=0 -813211 28
* * 20
cfl=(20)
cfn=(49)
calls=0 -813208 28
* * 20
cfl=(20)
cfn=(49)
calls=0 -813431 12
* * 10
cfl=(20)
cfn=(49)
calls=0 -813373 17
* * 10
cfl=(20)
cfn=(49)
calls=0 -813342 43
* * 10
cfl=(20)
cfn=(49)
calls=0 -813319 44
* * 10
cfl=(20)
cfn=(49)
calls=0 -813215 28
* * 10
cfl=(20)
cfn=(49)
calls=0 -813187 28
* * 10
+713 80 0
cfl=(20)
cfn=(125)
calls=0 0x411338 115
* * 20
cfl=(20)
cfn=(125)
calls=0 0x41123d 152
* * 10

ob=
fl=(37)
fn=(119)
+19836 778 0
cfl=(8)
cfn=(39)
calls=0 0x44b903 105
* * 10
+5 779 0
cfl=(14)
cfn=(27)
calls=0 0x406770 201
* * 30
cfl=(14)
cfn=(27)
calls=0 0x4067e8 205
* * 30
cfl=(14)
cfn=(27)
calls=0 0x4067b5 202
* * 10
+91 780 0
cfl=(19)
cfn=(45)
calls=0 +13398 372
* * 170
cfl=(19)
cfn=(45)
calls=0 +13301 319
* * 30
cfl=(19)
cfn=(45)
calls=0 +13581 358
* * 10

ob=
fl=(19)
fn=(45)
+13307 372 0
cfl=(36)
cfn=(118)
calls=0 -20645 41
* * 100
cfl=(36)
cfn=(118)
calls=0 -19932 80
* * 30
cfl=(36)
cfn=(118)
calls=0 -20639 41
* * 10
cfl=(36)
cfn=(118)
calls=0 -20636 41
* * 10
cfl=(36)
cfn=(118)
calls=0 -20592 42
* * 10
cfl=(36)
cfn=(118)
calls=0 -19889 85
* * 10

ob=
fl=(13)
fn=(26)
+26523 21 0
cfl=(4)
cfn=(21)
calls=0 0x437c50 3304
* * 40
+13 24 0
cfl=(8)
cfn=(39)
calls=0 0x44b8d7 101
* * 310
cfl=(8)
cfn=(39)
calls=0 0x44b903 105
* * 70
cfl=(8)
cfn=(39)
calls=0 0x44b904 106
* * 30
cfl=(8)
cfn=(39)
calls=0 0x44b8bf 100
* * 20
cfl=(8)
cfn=(39)
calls=0 0x44b7a9 84
* * 10
cfl=(8)
cfn=(39)
calls=0 0x44b825 96
* * 10
cfl=(8)
cfn=(39)
calls=0 0x44b88f 99
* * 10
cfl=(8)
cfn=(39)
calls=0 0x44b8ae 100
* * 10

ob=
fl=(13)
fn=(71)
+283 22 0
cfl=(18)
cfn=(44)
calls=0 0x4cf4cd 264
* * 2050
cfl=(18)
cfn=(44)
calls=0 0x4cf49b 264
* * 30
cfl=(18)
cfn=(44)
calls=0 0x4cf470 263
* * 10
